<?xml version="1.0" encoding="UTF-8"?>
<!-- Generated by org.testng.reporters.JUnitReportReporter -->
<testsuite name="br.com.rsinet.appium.tdd.teste.CenarioBuscarLupa" tests="2" time="27.875" ignored="0" failures="0" timestamp="07 Feb 2020 02:52:53 GMT" skipped="0" hostname="RSI1548" errors="0">
  <testcase name="deveBuscarProduto0" time="15.123" classname="br.com.rsinet.appium.tdd.teste.CenarioBuscarLupa"/>
  <testcase name="deveBuscarProduto1" time="12.752" classname="br.com.rsinet.appium.tdd.teste.CenarioBuscarLupa"/>
</testsuite> <!-- br.com.rsinet.appium.tdd.teste.CenarioBuscarLupa -->
