<?xml version="1.0" encoding="UTF-8"?>
<!-- Generated by org.testng.reporters.JUnitReportReporter -->
<testsuite name="br.com.rsinet.appium.tdd.teste.CenarioBuscarHome" tests="1" time="30.413" ignored="1" failures="0" timestamp="12 Feb 2020 17:05:02 GMT" skipped="0" hostname="RSI1548" errors="0">
  <testcase name="deveBuscarProduto1" time="30.413" classname="br.com.rsinet.appium.tdd.teste.CenarioBuscarHome"/>
  <testcase name="deveBuscarProduto0" classname="br.com.rsinet.appium.tdd.teste.CenarioBuscarHome">
    <skipped/>
  </testcase> <!-- deveBuscarProduto0 -->
</testsuite> <!-- br.com.rsinet.appium.tdd.teste.CenarioBuscarHome -->
