<?xml version="1.0" encoding="UTF-8"?>
<!-- Generated by org.testng.reporters.JUnitReportReporter -->
<testsuite name="br.com.rsinet.appium.tdd.teste.CenarioCadastro" tests="2" time="96.156" ignored="0" failures="0" timestamp="12 Feb 2020 20:29:07 GMT" skipped="0" hostname="RSI1548" errors="0">
  <testcase name="deveFazerUmteste0" time="52.177" classname="br.com.rsinet.appium.tdd.teste.CenarioCadastro"/>
  <testcase name="deveFazerUmteste1" time="43.979" classname="br.com.rsinet.appium.tdd.teste.CenarioCadastro"/>
</testsuite> <!-- br.com.rsinet.appium.tdd.teste.CenarioCadastro -->
