<?xml version="1.0" encoding="UTF-8"?>
<!-- Generated by org.testng.reporters.JUnitReportReporter -->
<testsuite name="br.com.rsinet.appium.tdd.teste.CenarioBuscarLupa" tests="2" time="30.265" ignored="0" failures="0" timestamp="12 Feb 2020 16:52:31 GMT" skipped="0" hostname="RSI1548" errors="0">
  <testcase name="deveBuscarProduto1" time="11.964" classname="br.com.rsinet.appium.tdd.teste.CenarioBuscarLupa"/>
  <testcase name="deveBuscarProduto0" time="18.301" classname="br.com.rsinet.appium.tdd.teste.CenarioBuscarLupa"/>
</testsuite> <!-- br.com.rsinet.appium.tdd.teste.CenarioBuscarLupa -->
