<?xml version="1.0" encoding="UTF-8"?>
<!-- Generated by org.testng.reporters.JUnitReportReporter -->
<testsuite name="br.com.rsinet.appium.tdd.teste.CenarioCadastro" tests="2" time="88.184" ignored="0" failures="0" timestamp="07 Feb 2020 02:52:53 GMT" skipped="0" hostname="RSI1548" errors="0">
  <testcase name="deveFazerUmteste0" time="46.514" classname="br.com.rsinet.appium.tdd.teste.CenarioCadastro"/>
  <testcase name="deveFazerUmteste1" time="41.670" classname="br.com.rsinet.appium.tdd.teste.CenarioCadastro"/>
</testsuite> <!-- br.com.rsinet.appium.tdd.teste.CenarioCadastro -->
