<?xml version="1.0" encoding="UTF-8"?>
<!-- Generated by org.testng.reporters.JUnitReportReporter -->
<testsuite name="br.com.rsinet.appium.tdd.teste.testeCadastro" tests="2" time="85.518" ignored="0" failures="0" timestamp="05 fev 2020 17:04:24 GMT" skipped="0" hostname="RSI1548" errors="0">
  <testcase name="deveFazerUmteste1" time="40.775" classname="br.com.rsinet.appium.tdd.teste.testeCadastro"/>
  <testcase name="deveFazerUmteste0" time="44.743" classname="br.com.rsinet.appium.tdd.teste.testeCadastro"/>
</testsuite> <!-- br.com.rsinet.appium.tdd.teste.testeCadastro -->
