<?xml version="1.0" encoding="UTF-8"?>
<!-- Generated by org.testng.reporters.JUnitReportReporter -->
<testsuite name="br.com.rsinet.appium.tdd.teste.CenarioBuscarLupa" tests="1" time="12.155" ignored="1" failures="0" timestamp="07 Feb 2020 02:39:40 GMT" skipped="0" hostname="RSI1548" errors="0">
  <testcase name="deveBuscarProduto1" time="12.155" classname="br.com.rsinet.appium.tdd.teste.CenarioBuscarLupa"/>
  <testcase name="deveBuscarProduto0" classname="br.com.rsinet.appium.tdd.teste.CenarioBuscarLupa">
    <skipped/>
  </testcase> <!-- deveBuscarProduto0 -->
</testsuite> <!-- br.com.rsinet.appium.tdd.teste.CenarioBuscarLupa -->
