<?xml version="1.0" encoding="UTF-8"?>
<!-- Generated by org.testng.reporters.JUnitReportReporter -->
<testsuite name="br.com.rsinet.appium.tdd.teste.CenarioCadastro" tests="2" time="80.718" ignored="0" failures="0" timestamp="12 Feb 2020 16:52:31 GMT" skipped="0" hostname="RSI1548" errors="0">
  <testcase name="deveFazerUmteste1" time="37.008" classname="br.com.rsinet.appium.tdd.teste.CenarioCadastro"/>
  <testcase name="deveFazerUmteste0" time="43.710" classname="br.com.rsinet.appium.tdd.teste.CenarioCadastro"/>
</testsuite> <!-- br.com.rsinet.appium.tdd.teste.CenarioCadastro -->
