<?xml version="1.0" encoding="UTF-8"?>
<!-- Generated by org.testng.reporters.JUnitReportReporter -->
<testsuite name="br.com.rsinet.appium.tdd.teste.CenarioBuscarHome" tests="2" time="49.148" ignored="0" failures="0" timestamp="12 Feb 2020 20:29:07 GMT" skipped="0" hostname="RSI1548" errors="0">
  <testcase name="deveBuscarProduto0" time="22.333" classname="br.com.rsinet.appium.tdd.teste.CenarioBuscarHome"/>
  <testcase name="deveBuscarProduto1" time="26.815" classname="br.com.rsinet.appium.tdd.teste.CenarioBuscarHome"/>
</testsuite> <!-- br.com.rsinet.appium.tdd.teste.CenarioBuscarHome -->
