<?xml version="1.0" encoding="UTF-8"?>
<!-- Generated by org.testng.reporters.JUnitReportReporter -->
<testsuite name="br.com.rsinet.appium.tdd.teste.CenarioCadastro" tests="1" time="46.442" ignored="1" failures="0" timestamp="07 Feb 2020 02:34:58 GMT" skipped="0" hostname="RSI1548" errors="0">
  <testcase name="deveFazerUmteste0" time="46.442" classname="br.com.rsinet.appium.tdd.teste.CenarioCadastro"/>
  <testcase name="deveFazerUmteste1" classname="br.com.rsinet.appium.tdd.teste.CenarioCadastro">
    <skipped/>
  </testcase> <!-- deveFazerUmteste1 -->
</testsuite> <!-- br.com.rsinet.appium.tdd.teste.CenarioCadastro -->
